<?xml version="1.0" encoding="UTF-8"?>
<testsuite xmlns:xsi="http://www.w3.org/2001/XMLSchema-instance" xsi:noNamespaceSchemaLocation="https://maven.apache.org/surefire/maven-surefire-plugin/xsd/surefire-test-report.xsd" name="com.thealgorithms.maths.KaprekarNumbersTest" time="0.197" tests="9" errors="0" skipped="0" failures="0">
  <properties>
[...]
</properties>
  <testcase name="testFor26" classname="com.thealgorithms.maths.KaprekarNumbersTest" time="0.014"/>
  <testcase name="testFor45" classname="com.thealgorithms.maths.KaprekarNumbersTest" time="0.002"/>
  <testcase name="testFor98" classname="com.thealgorithms.maths.KaprekarNumbersTest" time="0"/>
  <testcase name="testFor1" classname="com.thealgorithms.maths.KaprekarNumbersTest" time="0.002"/>
  <testcase name="testFor3" classname="com.thealgorithms.maths.KaprekarNumbersTest" time="0"/>
  <testcase name="testFor2223" classname="com.thealgorithms.maths.KaprekarNumbersTest" time="0.001"/>
  <testcase name="testForRangeOfNumber" classname="com.thealgorithms.maths.KaprekarNumbersTest" time="0.171"/>
  <testcase name="testFor857143" classname="com.thealgorithms.maths.KaprekarNumbersTest" time="0"/>
  <testcase name="testFor297" classname="com.thealgorithms.maths.KaprekarNumbersTest" time="0.001"/>
</testsuite>